<?xml version="1.0" encoding="UTF-8"?>
<testng-results skipped="0" failed="0" total="2" passed="2">
  <reporter-output>
  </reporter-output>
  <suite name="Suite" duration-ms="11849" started-at="2016-06-29T18:21:21Z" finished-at="2016-06-29T18:21:33Z">
    <groups>
    </groups>
    <test name="Test" duration-ms="11849" started-at="2016-06-29T18:21:21Z" finished-at="2016-06-29T18:21:33Z">
      <class name="TestNGDemo.TestNGDTest">
        <test-method status="PASS" signature="f()[pri:0, instance:TestNGDemo.TestNGDTest@5f150435]" name="f" duration-ms="11834" started-at="2016-06-29T23:51:21Z" finished-at="2016-06-29T23:51:33Z">
          <reporter-output>
          </reporter-output>
        </test-method> <!-- f -->
        <test-method status="PASS" signature="f1()[pri:0, instance:TestNGDemo.TestNGDTest@5f150435]" name="f1" duration-ms="0" started-at="2016-06-29T23:51:33Z" finished-at="2016-06-29T23:51:33Z">
          <reporter-output>
          </reporter-output>
        </test-method> <!-- f1 -->
      </class> <!-- TestNGDemo.TestNGDTest -->
    </test> <!-- Test -->
  </suite> <!-- Suite -->
</testng-results>
